<?xml version="1.0" encoding="UTF-8"?>
<!-- Generated by org.testng.reporters.JUnitXMLReporter -->
<testsuite ignored="0" hostname="DESKTOP-6OC4MF1" failures="2" tests="4" name="Firefox_Test" time="69.492" errors="0" timestamp="2023-09-02T01:06:07 WAT">
  <testcase classname="com.mymedsysproject.testcases.LoginPageTest" name="LoginTest" time="5.683">
    <failure type="java.lang.AssertionError" message="expected [https://dev-ehrpm.automedsys.net/dashboard] but found [https://dev-ehrpm.automedsys.net/]">
      <![CDATA[java.lang.AssertionError: expected [https://dev-ehrpm.automedsys.net/dashboard] but found [https://dev-ehrpm.automedsys.net/]
at com.mymedsysproject.testcases.LoginPageTest.LoginTest(LoginPageTest.java:61)
at java.base/java.util.ArrayList.forEach(ArrayList.java:1511)
at java.base/java.util.concurrent.FutureTask.run(FutureTask.java:264)
at java.base/java.util.concurrent.ThreadPoolExecutor.runWorker(ThreadPoolExecutor.java:1136)
at java.base/java.util.concurrent.ThreadPoolExecutor$Worker.run(ThreadPoolExecutor.java:635)
at java.base/java.lang.Thread.run(Thread.java:833)
... Removed 23 stack frames]]>
    </failure>
  </testcase> <!-- LoginTest -->
  <testcase classname="com.mymedsysproject.testcases.LoginPageTest" name="LoginTest" time="5.652"/>
  <testcase classname="com.mymedsysproject.testcases.LoginPageTest" name="LoginTest" time="5.388">
    <failure type="java.lang.AssertionError" message="expected [https://dev-ehrpm.automedsys.net/dashboard] but found [https://dev-ehrpm.automedsys.net/]">
      <![CDATA[java.lang.AssertionError: expected [https://dev-ehrpm.automedsys.net/dashboard] but found [https://dev-ehrpm.automedsys.net/]
at com.mymedsysproject.testcases.LoginPageTest.LoginTest(LoginPageTest.java:61)
at java.base/java.util.ArrayList.forEach(ArrayList.java:1511)
at java.base/java.util.concurrent.FutureTask.run(FutureTask.java:264)
at java.base/java.util.concurrent.ThreadPoolExecutor.runWorker(ThreadPoolExecutor.java:1136)
at java.base/java.util.concurrent.ThreadPoolExecutor$Worker.run(ThreadPoolExecutor.java:635)
at java.base/java.lang.Thread.run(Thread.java:833)
... Removed 23 stack frames]]>
    </failure>
  </testcase> <!-- LoginTest -->
  <testcase classname="com.mymedsysproject.testcases.LoginPageTest" name="VerifyLogotest" time="0.117"/>
</testsuite> <!-- Firefox_Test -->
