<?xml version="1.0" encoding="UTF-8"?>
<!-- Generated by org.testng.reporters.JUnitXMLReporter -->
<testsuite ignored="1" hostname="DESKTOP-6OC4MF1" failures="2" tests="13" name="Test" time="279.289" errors="0" timestamp="2023-09-01T21:59:26 WAT">
  <testcase classname="com.mymedsysproject.testcases.LoginPageTest" name="LoginTest" time="5.824">
    <failure type="java.lang.AssertionError" message="expected [https://dev-ehrpm.automedsys.net/dashboard] but found [https://dev-ehrpm.automedsys.net/]">
      <![CDATA[java.lang.AssertionError: expected [https://dev-ehrpm.automedsys.net/dashboard] but found [https://dev-ehrpm.automedsys.net/]
at com.mymedsysproject.testcases.LoginPageTest.LoginTest(LoginPageTest.java:61)
at java.base/java.util.ArrayList.forEach(ArrayList.java:1511)
... Removed 33 stack frames]]>
    </failure>
  </testcase> <!-- LoginTest -->
  <testcase classname="com.mymedsysproject.testcases.LoginPageTest" name="LoginTest" time="5.774"/>
  <testcase classname="com.mymedsysproject.testcases.LoginPageTest" name="LoginTest" time="5.584">
    <failure type="java.lang.AssertionError" message="expected [https://dev-ehrpm.automedsys.net/dashboard] but found [https://dev-ehrpm.automedsys.net/]">
      <![CDATA[java.lang.AssertionError: expected [https://dev-ehrpm.automedsys.net/dashboard] but found [https://dev-ehrpm.automedsys.net/]
at com.mymedsysproject.testcases.LoginPageTest.LoginTest(LoginPageTest.java:61)
at java.base/java.util.ArrayList.forEach(ArrayList.java:1511)
... Removed 33 stack frames]]>
    </failure>
  </testcase> <!-- LoginTest -->
  <testcase classname="com.mymedsysproject.testcases.LoginPageTest" name="VerifyLogotest" time="0.055"/>
  <testcase classname="com.mymedsysproject.testcases.DashboardPageTest" name="clickOndashboardBellicon" time="8.863"/>
  <testcase classname="com.mymedsysproject.testcases.DashboardPageTest" name="headerpatientbtn" time="5.995"/>
  <testcase classname="com.mymedsysproject.testcases.DashboardPageTest" name="managePatient" time="4.814"/>
  <testcase classname="com.mymedsysproject.testcases.DashboardPageTest" name="newpatientbtn" time="6.02"/>
  <testcase classname="com.mymedsysproject.testcases.DashboardPageTest" name="patientsearch" time="6.306"/>
  <testcase classname="com.mymedsysproject.testcases.DashboardPageTest" name="profileAccount" time="4.946"/>
  <testcase classname="com.mymedsysproject.testcases.DashboardPageTest" name="selectPatientDropdown" time="5.878"/>
  <testcase classname="com.mymedsysproject.testcases.DashboardPageTest" name="userAccountSignOutBtn" time="3.968"/>
  <testcase classname="com.mymedsysproject.testcases.DashboardPageTest" name="verifyDashboardLogo" time="4.554"/>
  <testcase classname="com.mymedsysproject.base.BaseClass" name="@BeforeTest loadConfig" time="0.0">
    <ignored/>
  </testcase> <!-- @BeforeTest loadConfig -->
</testsuite> <!-- Test -->
