<?xml version="1.0" encoding="UTF-8"?>
<!-- Generated by org.testng.reporters.JUnitXMLReporter -->
<testsuite ignored="2" hostname="DESKTOP-6OC4MF1" failures="2" tests="13" name="Test_All" time="256.072" errors="0" timestamp="2023-09-07T02:03:25 WAT">
  <testcase classname="com.mymedsysproject.testcases.LoginPageTest" name="LoginTest" time="5.797">
    <failure type="java.lang.AssertionError" message="expected [https://dev-ehrpm.automedsys.net/dashboard] but found [https://dev-ehrpm.automedsys.net/]">
      <![CDATA[java.lang.AssertionError: expected [https://dev-ehrpm.automedsys.net/dashboard] but found [https://dev-ehrpm.automedsys.net/]
at com.mymedsysproject.testcases.LoginPageTest.LoginTest(LoginPageTest.java:61)
at java.base/java.util.ArrayList.forEach(ArrayList.java:1511)
... Removed 33 stack frames]]>
    </failure>
  </testcase> <!-- LoginTest -->
  <testcase classname="com.mymedsysproject.testcases.LoginPageTest" name="LoginTest" time="5.686"/>
  <testcase classname="com.mymedsysproject.testcases.LoginPageTest" name="LoginTest" time="5.556">
    <failure type="java.lang.AssertionError" message="expected [https://dev-ehrpm.automedsys.net/dashboard] but found [https://dev-ehrpm.automedsys.net/]">
      <![CDATA[java.lang.AssertionError: expected [https://dev-ehrpm.automedsys.net/dashboard] but found [https://dev-ehrpm.automedsys.net/]
at com.mymedsysproject.testcases.LoginPageTest.LoginTest(LoginPageTest.java:61)
at java.base/java.util.ArrayList.forEach(ArrayList.java:1511)
... Removed 33 stack frames]]>
    </failure>
  </testcase> <!-- LoginTest -->
  <testcase classname="com.mymedsysproject.testcases.LoginPageTest" name="VerifyLogotest" time="0.059"/>
  <testcase classname="com.mymedsysproject.testcases.DashboardPageTest" name="clickOndashboardBellicon" time="11.356"/>
  <testcase classname="com.mymedsysproject.testcases.DashboardPageTest" name="headerpatientbtn" time="5.987"/>
  <testcase classname="com.mymedsysproject.testcases.DashboardPageTest" name="managePatient" time="5.089"/>
  <testcase classname="com.mymedsysproject.testcases.DashboardPageTest" name="newpatientbtn" time="5.98"/>
  <testcase classname="com.mymedsysproject.testcases.DashboardPageTest" name="patientsearch" time="6.24"/>
  <testcase classname="com.mymedsysproject.testcases.DashboardPageTest" name="profileAccount" time="5.103"/>
  <testcase classname="com.mymedsysproject.testcases.DashboardPageTest" name="selectPatientDropdown" time="5.848"/>
  <testcase classname="com.mymedsysproject.testcases.DashboardPageTest" name="userAccountSignOutBtn" time="4.996"/>
  <testcase classname="com.mymedsysproject.testcases.DashboardPageTest" name="verifyDashboardLogo" time="4.949"/>
  <testcase classname="com.mymedsysproject.base.BaseClass" name="@BeforeSuite loadConfig" time="0.0">
    <ignored/>
  </testcase> <!-- @BeforeSuite loadConfig -->
  <testcase classname="com.mymedsysproject.base.BaseClass" name="@AfterSuite afterSuite" time="0.0">
    <ignored/>
  </testcase> <!-- @AfterSuite afterSuite -->
</testsuite> <!-- Test_All -->
