<!DOCTYPE html PUBLIC "-//W3C//DTD XHTML 1.1//EN" "https://www.w3.org/TR/xhtml11/DTD/xhtml11.dtd">
<html xmlns="https://www.w3.org/1999/xhtml">
<head>
<meta http-equiv="content-type" content="text/html; charset=UTF-8"/>
<title>TestNG Report</title>
<style type="text/css">table {margin-bottom:10px;border-collapse:collapse;empty-cells:show}th,td {border:1px solid #009;padding:.25em .5em}th {vertical-align:bottom}td {vertical-align:top}table a {font-weight:bold}.stripe td {background-color: #E6EBF9}.num {text-align:right}.passedodd td {background-color: #3F3}.passedeven td {background-color: #0A0}.skippedodd td {background-color: #DDD}.skippedeven td {background-color: #CCC}.failedodd td,.attn {background-color: #F33}.failedeven td,.stripe .attn {background-color: #D00}.stacktrace {white-space:pre;font-family:monospace}.totop {font-size:85%;text-align:center;border-bottom:2px solid #000}.invisible {display:none}</style>
</head>
<body>
<table>
<tr><th>Test</th><th># Passed</th><th># Skipped</th><th># Retried</th><th># Failed</th><th>Time (ms)</th><th>Included Groups</th><th>Excluded Groups</th></tr>
<tr><th colspan="8">Suite</th></tr>
<tr><td><a href="#t0">Test_All</a></td><td class="num">11</td><td class="num">0</td><td class="num">0</td><td class="num attn">2</td><td class="num">256,072</td><td></td><td></td></tr>
</table>
<table id='summary'><thead><tr><th>Class</th><th>Method</th><th>Start</th><th>Time (ms)</th></tr></thead><tbody><tr><th colspan="4">Suite</th></tr></tbody><tbody id="t0"><tr><th colspan="4">Test_All &#8212; failed</th></tr><tr class="failedeven"><td rowspan="2">com.mymedsysproject.testcases.LoginPageTest</td><td><a href="#m0">LoginTest</a></td><td rowspan="2">1694048410905</td><td rowspan="2">5556</td></tr><tr class="failedeven"><td><a href="#m1">LoginTest</a></td></tr><tr><th colspan="4">Test_All &#8212; passed</th></tr><tr class="passedeven"><td rowspan="9">com.mymedsysproject.testcases.DashboardPageTest</td><td><a href="#m2">clickOndashboardBellicon</a></td><td rowspan="1">1694048440495</td><td rowspan="1">11356</td></tr><tr class="passedeven"><td><a href="#m3">headerpatientbtn</a></td><td rowspan="1">1694048467604</td><td rowspan="1">5987</td></tr><tr class="passedeven"><td><a href="#m4">managePatient</a></td><td rowspan="1">1694048485642</td><td rowspan="1">5089</td></tr><tr class="passedeven"><td><a href="#m5">newpatientbtn</a></td><td rowspan="1">1694048498975</td><td rowspan="1">5980</td></tr><tr class="passedeven"><td><a href="#m6">patientsearch</a></td><td rowspan="1">1694048514966</td><td rowspan="1">6240</td></tr><tr class="passedeven"><td><a href="#m7">profileAccount</a></td><td rowspan="1">1694048536473</td><td rowspan="1">5103</td></tr><tr class="passedeven"><td><a href="#m8">selectPatientDropdown</a></td><td rowspan="1">1694048561933</td><td rowspan="1">5848</td></tr><tr class="passedeven"><td><a href="#m9">userAccountSignOutBtn</a></td><td rowspan="1">1694048578959</td><td rowspan="1">4996</td></tr><tr class="passedeven"><td><a href="#m10">verifyDashboardLogo</a></td><td rowspan="1">1694048600752</td><td rowspan="1">4949</td></tr><tr class="passedodd"><td rowspan="2">com.mymedsysproject.testcases.LoginPageTest</td><td><a href="#m11">LoginTest</a></td><td rowspan="1">1694048390123</td><td rowspan="1">5686</td></tr><tr class="passedodd"><td><a href="#m12">VerifyLogotest</a></td><td rowspan="1">1694048429488</td><td rowspan="1">59</td></tr></tbody>
</table>
<h2>Test_All</h2><h3 id="m0">com.mymedsysproject.testcases.LoginPageTest#LoginTest</h3><table class="result"><tr class="param"><th>Parameter #1</th><th>Parameter #2</th><th>Parameter #3</th></tr><tr class="param stripe"><td></td><td></td><td></td></tr><tr><th colspan="3">Exception</th></tr><tr><td colspan="3"><div class="stacktrace">java.lang.AssertionError: expected [https://dev-ehrpm.automedsys.net/dashboard] but found [https://dev-ehrpm.automedsys.net/]
	at com.mymedsysproject.testcases.LoginPageTest.LoginTest(LoginPageTest.java:61)
	at java.base/java.util.ArrayList.forEach(ArrayList.java:1511)
... Removed 33 stack frames</div></td></tr></table><p class="totop"><a href="#summary">back to summary</a></p>
<h3 id="m1">com.mymedsysproject.testcases.LoginPageTest#LoginTest</h3><table class="result"><tr class="param"><th>Parameter #1</th><th>Parameter #2</th><th>Parameter #3</th></tr><tr class="param stripe"><td></td><td>P@rfect3</td><td>BDW20211001</td></tr><tr><th colspan="3">Exception</th></tr><tr><td colspan="3"><div class="stacktrace">java.lang.AssertionError: expected [https://dev-ehrpm.automedsys.net/dashboard] but found [https://dev-ehrpm.automedsys.net/]
	at com.mymedsysproject.testcases.LoginPageTest.LoginTest(LoginPageTest.java:61)
	at java.base/java.util.ArrayList.forEach(ArrayList.java:1511)
... Removed 33 stack frames</div></td></tr></table><p class="totop"><a href="#summary">back to summary</a></p>
<h3 id="m2">com.mymedsysproject.testcases.DashboardPageTest#clickOndashboardBellicon</h3><table class="result"><tr><th class="invisible"/></tr></table><p class="totop"><a href="#summary">back to summary</a></p>
<h3 id="m3">com.mymedsysproject.testcases.DashboardPageTest#headerpatientbtn</h3><table class="result"><tr><th class="invisible"/></tr></table><p class="totop"><a href="#summary">back to summary</a></p>
<h3 id="m4">com.mymedsysproject.testcases.DashboardPageTest#managePatient</h3><table class="result"><tr><th class="invisible"/></tr></table><p class="totop"><a href="#summary">back to summary</a></p>
<h3 id="m5">com.mymedsysproject.testcases.DashboardPageTest#newpatientbtn</h3><table class="result"><tr><th class="invisible"/></tr></table><p class="totop"><a href="#summary">back to summary</a></p>
<h3 id="m6">com.mymedsysproject.testcases.DashboardPageTest#patientsearch</h3><table class="result"><tr><th class="invisible"/></tr></table><p class="totop"><a href="#summary">back to summary</a></p>
<h3 id="m7">com.mymedsysproject.testcases.DashboardPageTest#profileAccount</h3><table class="result"><tr><th class="invisible"/></tr></table><p class="totop"><a href="#summary">back to summary</a></p>
<h3 id="m8">com.mymedsysproject.testcases.DashboardPageTest#selectPatientDropdown</h3><table class="result"><tr><th class="invisible"/></tr></table><p class="totop"><a href="#summary">back to summary</a></p>
<h3 id="m9">com.mymedsysproject.testcases.DashboardPageTest#userAccountSignOutBtn</h3><table class="result"><tr><th class="invisible"/></tr></table><p class="totop"><a href="#summary">back to summary</a></p>
<h3 id="m10">com.mymedsysproject.testcases.DashboardPageTest#verifyDashboardLogo</h3><table class="result"><tr><th class="invisible"/></tr></table><p class="totop"><a href="#summary">back to summary</a></p>
<h3 id="m11">com.mymedsysproject.testcases.LoginPageTest#LoginTest</h3><table class="result"><tr class="param"><th>Parameter #1</th><th>Parameter #2</th><th>Parameter #3</th></tr><tr class="param stripe"><td>deji@automedsys.com</td><td>P@rfect2</td><td>aal20201001</td></tr></table><p class="totop"><a href="#summary">back to summary</a></p>
<h3 id="m12">com.mymedsysproject.testcases.LoginPageTest#VerifyLogotest</h3><table class="result"><tr><th class="invisible"/></tr></table><p class="totop"><a href="#summary">back to summary</a></p>
</body>
</html>
